[   13461ms] [INFO] %cDownload the React DevTools for a better development experience: https://react.dev/link/react-devtools font-weight:bold @ http://localhost:3000/_next/static/chunks/cab68_next_dist_compiled_react-dom_8362e125._.js:14537
[   38590ms] [LOG] [Fast Refresh] rebuilding @ http://localhost:3000/_next/static/chunks/cab68_next_dist_client_6d3ecf6e._.js:5949
[   39080ms] [LOG] [Fast Refresh] done in 590ms @ http://localhost:3000/_next/static/chunks/cab68_next_dist_client_6d3ecf6e._.js:5809
[   40206ms] [LOG] [Fast Refresh] rebuilding @ http://localhost:3000/_next/static/chunks/cab68_next_dist_client_6d3ecf6e._.js:5949
[   40338ms] [LOG] [Fast Refresh] done in 233ms @ http://localhost:3000/_next/static/chunks/cab68_next_dist_client_6d3ecf6e._.js:5809
[   48172ms] [LOG] [Fast Refresh] rebuilding @ http://localhost:3000/_next/static/chunks/cab68_next_dist_client_6d3ecf6e._.js:5949
[   48310ms] [LOG] [Fast Refresh] done in 238ms @ http://localhost:3000/_next/static/chunks/cab68_next_dist_client_6d3ecf6e._.js:5809
[   48968ms] [ERROR] Failed to load resource: the server responded with a status of 404 (Not Found) @ http://localhost:3000/api/archive/resolve-show:0
[   48970ms] [ERROR] Failed to enqueue entire show: Error: Failed to resolve show: 404
    at useAudioPlayer.useCallback[enqueueEntireShow] (http://localhost:3000/_next/static/chunks/_0707d01b._.js:1546:27)
    at async handlePlayShow (http://localhost:3000/_next/static/chunks/_0707d01b._.js:1742:13) @ http://localhost:3000/_next/static/chunks/cab68_next_dist_e89e2d16._.js:2359
[   64150ms] [LOG] [Fast Refresh] rebuilding @ http://localhost:3000/_next/static/chunks/cab68_next_dist_client_6d3ecf6e._.js:5949
[   64358ms] [LOG] [Fast Refresh] done in 310ms @ http://localhost:3000/_next/static/chunks/cab68_next_dist_client_6d3ecf6e._.js:5809
[   64554ms] [LOG] [Fast Refresh] rebuilding @ http://localhost:3000/_next/static/chunks/cab68_next_dist_client_6d3ecf6e._.js:5949
[   64666ms] [LOG] [Fast Refresh] done in 212ms @ http://localhost:3000/_next/static/chunks/cab68_next_dist_client_6d3ecf6e._.js:5809
[   66388ms] [LOG] [Fast Refresh] rebuilding @ http://localhost:3000/_next/static/chunks/cab68_next_dist_client_6d3ecf6e._.js:5949
[   66654ms] [LOG] [Fast Refresh] done in 368ms @ http://localhost:3000/_next/static/chunks/cab68_next_dist_client_6d3ecf6e._.js:5809
[   67698ms] [LOG] [Fast Refresh] rebuilding @ http://localhost:3000/_next/static/chunks/cab68_next_dist_client_6d3ecf6e._.js:5949
[   67819ms] [LOG] [Fast Refresh] done in 221ms @ http://localhost:3000/_next/static/chunks/cab68_next_dist_client_6d3ecf6e._.js:5809
[   71111ms] [LOG] [Fast Refresh] rebuilding @ http://localhost:3000/_next/static/chunks/cab68_next_dist_client_6d3ecf6e._.js:5949
[   71172ms] [LOG] [Fast Refresh] done in 164ms @ http://localhost:3000/_next/static/chunks/cab68_next_dist_client_6d3ecf6e._.js:5809
[   71506ms] [ERROR] Failed to load resource: the server responded with a status of 404 (Not Found) @ http://localhost:3000/api/position-facts/page?songTitle=Alligator&positionType=closer&page=2:0
[   71511ms] [ERROR] Failed to load resource: the server responded with a status of 404 (Not Found) @ http://localhost:3000/api/position-facts/page?songTitle=Alligator&positionType=opener&page=2:0
[   71514ms] [ERROR] Failed to load resource: the server responded with a status of 404 (Not Found) @ http://localhost:3000/api/position-facts/page?songTitle=Alligator&positionType=encore&page=2:0
[   76776ms] [ERROR] Failed to load resource: the server responded with a status of 404 (Not Found) @ http://localhost:3000/api/position-facts/page?songTitle=Alligator&positionType=opener&page=2:0
[   81813ms] [ERROR] Failed to load resource: the server responded with a status of 404 (Not Found) @ http://localhost:3000/api/position-facts/page?songTitle=Alligator&positionType=closer&page=2:0
[   81820ms] [ERROR] Failed to load resource: the server responded with a status of 404 (Not Found) @ http://localhost:3000/api/position-facts/page?songTitle=Alligator&positionType=encore&page=2:0
[   91508ms] [ERROR] Failed to load resource: the server responded with a status of 404 (Not Found) @ http://localhost:3000/api/archive/resolve-show:0
[   91509ms] [ERROR] Failed to load tracks: Error: Failed to resolve Archive show: 404 Not Found
    at resolveArchiveShow (http://localhost:3000/_next/static/chunks/_5a706ecd._.js:3192:15)
    at async onClick (http://localhost:3000/_next/static/chunks/_5a706ecd._.js:3939:81) @ http://localhost:3000/_next/static/chunks/cab68_next_dist_e89e2d16._.js:2359
[   97083ms] [ERROR] Failed to load resource: the server responded with a status of 404 (Not Found) @ http://localhost:3000/api/position-facts/page?songTitle=Alligator&positionType=closer&page=2:0
[  102039ms] [ERROR] Failed to load resource: the server responded with a status of 404 (Not Found) @ http://localhost:3000/api/position-facts/page?songTitle=Alligator&positionType=opener&page=2:0
[  107139ms] [ERROR] Failed to load resource: the server responded with a status of 404 (Not Found) @ http://localhost:3000/api/position-facts/page?songTitle=Alligator&positionType=encore&page=2:0
[  122371ms] [ERROR] Failed to load resource: the server responded with a status of 404 (Not Found) @ http://localhost:3000/api/position-facts/page?songTitle=Alligator&positionType=closer&page=2:0
[  132309ms] [ERROR] Failed to load resource: the server responded with a status of 404 (Not Found) @ http://localhost:3000/api/position-facts/page?songTitle=Alligator&positionType=opener&page=2:0
[  137546ms] [LOG] [Fast Refresh] rebuilding @ http://localhost:3000/_next/static/chunks/cab68_next_dist_client_6d3ecf6e._.js:5949
[  137741ms] [LOG] [Fast Refresh] done in 297ms @ http://localhost:3000/_next/static/chunks/cab68_next_dist_client_6d3ecf6e._.js:5809
[  158642ms] [ERROR] Failed to load resource: the server responded with a status of 404 (Not Found) @ http://localhost:3000/api/position-facts/page?songTitle=Jack%20Straw&positionType=opener&page=2:0
[  158647ms] [ERROR] Failed to load resource: the server responded with a status of 404 (Not Found) @ http://localhost:3000/api/position-facts/page?songTitle=Jack%20Straw&positionType=closer&page=2:0
[  158654ms] [ERROR] Failed to load resource: the server responded with a status of 404 (Not Found) @ http://localhost:3000/api/position-facts/page?songTitle=Jack%20Straw&positionType=encore&page=2:0
[  163918ms] [ERROR] Failed to load resource: the server responded with a status of 404 (Not Found) @ http://localhost:3000/api/position-facts/page?songTitle=Jack%20Straw&positionType=opener&page=2:0
[  163925ms] [ERROR] Failed to load resource: the server responded with a status of 404 (Not Found) @ http://localhost:3000/api/position-facts/page?songTitle=Jack%20Straw&positionType=encore&page=2:0
[  168921ms] [ERROR] Failed to load resource: the server responded with a status of 404 (Not Found) @ http://localhost:3000/api/position-facts/page?songTitle=Jack%20Straw&positionType=closer&page=2:0
[  179190ms] [ERROR] Failed to load resource: the server responded with a status of 404 (Not Found) @ http://localhost:3000/api/position-facts/page?songTitle=Jack%20Straw&positionType=encore&page=2:0
[  184200ms] [ERROR] Failed to load resource: the server responded with a status of 404 (Not Found) @ http://localhost:3000/api/position-facts/page?songTitle=Jack%20Straw&positionType=opener&page=2:0
[  184204ms] [ERROR] Failed to load resource: the server responded with a status of 404 (Not Found) @ http://localhost:3000/api/position-facts/page?songTitle=Jack%20Straw&positionType=closer&page=2:0
[  204460ms] [ERROR] Failed to load resource: the server responded with a status of 404 (Not Found) @ http://localhost:3000/api/position-facts/page?songTitle=Jack%20Straw&positionType=encore&page=2:0
[  224456ms] [ERROR] Failed to load resource: the server responded with a status of 404 (Not Found) @ http://localhost:3000/api/position-facts/page?songTitle=Jack%20Straw&positionType=opener&page=2:0
[  229460ms] [ERROR] Failed to load resource: the server responded with a status of 404 (Not Found) @ http://localhost:3000/api/position-facts/page?songTitle=Jack%20Straw&positionType=closer&page=2:0
[  821342ms] [LOG] [Fast Refresh] rebuilding @ http://localhost:3000/_next/static/chunks/cab68_next_dist_client_6d3ecf6e._.js:5949
[  821363ms] [LOG] [Fast Refresh] done in 122ms @ http://localhost:3000/_next/static/chunks/cab68_next_dist_client_6d3ecf6e._.js:5809
[  826091ms] [LOG] [Fast Refresh] rebuilding @ http://localhost:3000/_next/static/chunks/cab68_next_dist_client_6d3ecf6e._.js:5949
[  826110ms] [LOG] [Fast Refresh] done in 119ms @ http://localhost:3000/_next/static/chunks/cab68_next_dist_client_6d3ecf6e._.js:5809
[  830676ms] [LOG] [Fast Refresh] rebuilding @ http://localhost:3000/_next/static/chunks/cab68_next_dist_client_6d3ecf6e._.js:5949
[  830680ms] [LOG] [Fast Refresh] done in 106ms @ http://localhost:3000/_next/static/chunks/cab68_next_dist_client_6d3ecf6e._.js:5809
[  835123ms] [LOG] [Fast Refresh] rebuilding @ http://localhost:3000/_next/static/chunks/cab68_next_dist_client_6d3ecf6e._.js:5949
[  835152ms] [LOG] [Fast Refresh] done in 67ms @ http://localhost:3000/_next/static/chunks/cab68_next_dist_client_6d3ecf6e._.js:5809
[  840099ms] [LOG] [Fast Refresh] rebuilding @ http://localhost:3000/_next/static/chunks/cab68_next_dist_client_6d3ecf6e._.js:5949
[  840128ms] [LOG] [Fast Refresh] done in 78ms @ http://localhost:3000/_next/static/chunks/cab68_next_dist_client_6d3ecf6e._.js:5809
[  844095ms] [LOG] [Fast Refresh] rebuilding @ http://localhost:3000/_next/static/chunks/cab68_next_dist_client_6d3ecf6e._.js:5949
[  844167ms] [LOG] [Fast Refresh] done in 80ms @ http://localhost:3000/_next/static/chunks/cab68_next_dist_client_6d3ecf6e._.js:5809
[  847350ms] [LOG] [Fast Refresh] rebuilding @ http://localhost:3000/_next/static/chunks/cab68_next_dist_client_6d3ecf6e._.js:5949
[  847413ms] [LOG] [Fast Refresh] done in 73ms @ http://localhost:3000/_next/static/chunks/cab68_next_dist_client_6d3ecf6e._.js:5809
[  850787ms] [LOG] [Fast Refresh] rebuilding @ http://localhost:3000/_next/static/chunks/cab68_next_dist_client_6d3ecf6e._.js:5949
[  850843ms] [LOG] [Fast Refresh] done in 73ms @ http://localhost:3000/_next/static/chunks/cab68_next_dist_client_6d3ecf6e._.js:5809
[  858624ms] [LOG] [Fast Refresh] rebuilding @ http://localhost:3000/_next/static/chunks/cab68_next_dist_client_6d3ecf6e._.js:5949
[  858631ms] [LOG] [Fast Refresh] done in 107ms @ http://localhost:3000/_next/static/chunks/cab68_next_dist_client_6d3ecf6e._.js:5809
[  884444ms] [LOG] [Fast Refresh] rebuilding @ http://localhost:3000/_next/static/chunks/cab68_next_dist_client_6d3ecf6e._.js:5949
[  884455ms] [LOG] [Fast Refresh] done in 113ms @ http://localhost:3000/_next/static/chunks/cab68_next_dist_client_6d3ecf6e._.js:5809
[  893264ms] [LOG] [Fast Refresh] rebuilding @ http://localhost:3000/_next/static/chunks/cab68_next_dist_client_6d3ecf6e._.js:5949
[  893267ms] [LOG] [Fast Refresh] done in 106ms @ http://localhost:3000/_next/static/chunks/cab68_next_dist_client_6d3ecf6e._.js:5809
[  979919ms] [LOG] [Fast Refresh] rebuilding @ http://localhost:3000/_next/static/chunks/cab68_next_dist_client_6d3ecf6e._.js:5949
[  979925ms] [LOG] [Fast Refresh] done in 107ms @ http://localhost:3000/_next/static/chunks/cab68_next_dist_client_6d3ecf6e._.js:5809
