[     232ms] [LOG] [Fast Refresh] rebuilding @ http://localhost:3000/_next/static/chunks/cab68_next_dist_client_6d3ecf6e._.js:5949
[     238ms] [LOG] [Fast Refresh] done in 106ms @ http://localhost:3000/_next/static/chunks/cab68_next_dist_client_6d3ecf6e._.js:5809
[     528ms] [INFO] %cDownload the React DevTools for a better development experience: https://react.dev/link/react-devtools font-weight:bold @ http://localhost:3000/_next/static/chunks/cab68_next_dist_compiled_react-dom_8362e125._.js:14537
[   41630ms] [LOG] [Fast Refresh] rebuilding @ http://localhost:3000/_next/static/chunks/cab68_next_dist_client_6d3ecf6e._.js:5949
[   41696ms] [LOG] [Fast Refresh] done in 166ms @ http://localhost:3000/_next/static/chunks/cab68_next_dist_client_6d3ecf6e._.js:5809
[   78039ms] [LOG] [Fast Refresh] rebuilding @ http://localhost:3000/_next/static/chunks/cab68_next_dist_client_6d3ecf6e._.js:5949
[   78155ms] [LOG] [Fast Refresh] done in 216ms @ http://localhost:3000/_next/static/chunks/cab68_next_dist_client_6d3ecf6e._.js:5809
[   78896ms] [LOG] [Fast Refresh] rebuilding @ http://localhost:3000/_next/static/chunks/cab68_next_dist_client_6d3ecf6e._.js:5949
[   78984ms] [LOG] [Fast Refresh] done in 189ms @ http://localhost:3000/_next/static/chunks/cab68_next_dist_client_6d3ecf6e._.js:5809
[   81335ms] [LOG] [Fast Refresh] rebuilding @ http://localhost:3000/_next/static/chunks/cab68_next_dist_client_6d3ecf6e._.js:5949
[   81652ms] [LOG] [Fast Refresh] done in 417ms @ http://localhost:3000/_next/static/chunks/cab68_next_dist_client_6d3ecf6e._.js:5809
[  240232ms] [LOG] [Fast Refresh] rebuilding @ http://localhost:3000/_next/static/chunks/cab68_next_dist_client_6d3ecf6e._.js:5949
[  240271ms] [LOG] [Fast Refresh] done in 139ms @ http://localhost:3000/_next/static/chunks/cab68_next_dist_client_6d3ecf6e._.js:5809
[  379773ms] [ERROR] Failed to load resource: the server responded with a status of 404 (Not Found) @ http://localhost:3000/api/archive/resolve-show:0
[  379774ms] [ERROR] Failed to load show versions: Error: 404
    at resolveArchiveShow (http://localhost:3000/_next/static/chunks/_2173db0c._.js:1629:22)
    at async handlePlayShowVersions (http://localhost:3000/_next/static/chunks/_2173db0c._.js:1719:33)
    at async handlePlayTrack (http://localhost:3000/_next/static/chunks/_2173db0c._.js:1702:13) @ http://localhost:3000/_next/static/chunks/cab68_next_dist_e89e2d16._.js:2359
[  742678ms] [LOG] [Fast Refresh] rebuilding @ http://localhost:3000/_next/static/chunks/cab68_next_dist_client_6d3ecf6e._.js:5949
[  742724ms] [LOG] [Fast Refresh] done in 146ms @ http://localhost:3000/_next/static/chunks/cab68_next_dist_client_6d3ecf6e._.js:5809
[ 1062822ms] [LOG] [Fast Refresh] rebuilding @ http://localhost:3000/_next/static/chunks/cab68_next_dist_client_6d3ecf6e._.js:5949
[ 1062848ms] [LOG] [Fast Refresh] done in 126ms @ http://localhost:3000/_next/static/chunks/cab68_next_dist_client_6d3ecf6e._.js:5809
[ 1068411ms] [LOG] [Fast Refresh] rebuilding @ http://localhost:3000/_next/static/chunks/cab68_next_dist_client_6d3ecf6e._.js:5949
[ 1068489ms] [LOG] [Fast Refresh] done in 179ms @ http://localhost:3000/_next/static/chunks/cab68_next_dist_client_6d3ecf6e._.js:5809
[ 1088790ms] [LOG] [Fast Refresh] rebuilding @ http://localhost:3000/_next/static/chunks/cab68_next_dist_client_6d3ecf6e._.js:5949
[ 1088798ms] [LOG] [Fast Refresh] done in 110ms @ http://localhost:3000/_next/static/chunks/cab68_next_dist_client_6d3ecf6e._.js:5809
