[    9250ms] [INFO] %cDownload the React DevTools for a better development experience: https://react.dev/link/react-devtools font-weight:bold @ http://localhost:3001/_next/static/chunks/cab68_next_dist_compiled_react-dom_8362e125._.js:14537
[   28854ms] [LOG] [Fast Refresh] rebuilding @ http://localhost:3001/_next/static/chunks/cab68_next_dist_client_6d3ecf6e._.js:5949
[   29407ms] [LOG] [Fast Refresh] done in 654ms @ http://localhost:3001/_next/static/chunks/cab68_next_dist_client_6d3ecf6e._.js:5809
[   30567ms] [LOG] [Fast Refresh] rebuilding @ http://localhost:3001/_next/static/chunks/cab68_next_dist_client_6d3ecf6e._.js:5949
[   30761ms] [LOG] [Fast Refresh] done in 294ms @ http://localhost:3001/_next/static/chunks/cab68_next_dist_client_6d3ecf6e._.js:5809
[   37745ms] [LOG] [Fast Refresh] rebuilding @ http://localhost:3001/_next/static/chunks/cab68_next_dist_client_6d3ecf6e._.js:5949
[   37887ms] [LOG] [Fast Refresh] done in 242ms @ http://localhost:3001/_next/static/chunks/cab68_next_dist_client_6d3ecf6e._.js:5809
[   38536ms] [ERROR] Failed to load resource: the server responded with a status of 404 (Not Found) @ http://localhost:3001/api/archive/resolve-show:0
[   38537ms] [ERROR] Failed to enqueue entire show: Error: Failed to resolve show: 404
    at useAudioPlayer.useCallback[enqueueEntireShow] (http://localhost:3001/_next/static/chunks/_0707d01b._.js:1546:27)
    at async handlePlayShow (http://localhost:3001/_next/static/chunks/_0707d01b._.js:1742:13) @ http://localhost:3001/_next/static/chunks/cab68_next_dist_e89e2d16._.js:2359
[   70516ms] [LOG] [Fast Refresh] rebuilding @ http://localhost:3001/_next/static/chunks/cab68_next_dist_client_6d3ecf6e._.js:5949
[   70709ms] [LOG] [Fast Refresh] done in 295ms @ http://localhost:3001/_next/static/chunks/cab68_next_dist_client_6d3ecf6e._.js:5809
[   70887ms] [LOG] [Fast Refresh] rebuilding @ http://localhost:3001/_next/static/chunks/cab68_next_dist_client_6d3ecf6e._.js:5949
[   70949ms] [LOG] [Fast Refresh] done in 164ms @ http://localhost:3001/_next/static/chunks/cab68_next_dist_client_6d3ecf6e._.js:5809
[   72458ms] [LOG] [Fast Refresh] rebuilding @ http://localhost:3001/_next/static/chunks/cab68_next_dist_client_6d3ecf6e._.js:5949
[   72668ms] [LOG] [Fast Refresh] done in 311ms @ http://localhost:3001/_next/static/chunks/cab68_next_dist_client_6d3ecf6e._.js:5809
[   73365ms] [LOG] [Fast Refresh] rebuilding @ http://localhost:3001/_next/static/chunks/cab68_next_dist_client_6d3ecf6e._.js:5949
[   73560ms] [LOG] [Fast Refresh] done in 295ms @ http://localhost:3001/_next/static/chunks/cab68_next_dist_client_6d3ecf6e._.js:5809
[  100589ms] [ERROR] Failed to load resource: the server responded with a status of 404 (Not Found) @ http://localhost:3001/api/archive/resolve-show:0
[  100589ms] [ERROR] Failed to load tracks: Error: Failed to resolve Archive show: 404 Not Found
    at resolveArchiveShow (http://localhost:3001/_next/static/chunks/_5a706ecd._.js:3192:15)
    at async onClick (http://localhost:3001/_next/static/chunks/_5a706ecd._.js:3942:81) @ http://localhost:3001/_next/static/chunks/cab68_next_dist_e89e2d16._.js:2359
[  492056ms] [LOG] [Fast Refresh] rebuilding @ http://localhost:3001/_next/static/chunks/cab68_next_dist_client_6d3ecf6e._.js:5949
[  492077ms] [LOG] [Fast Refresh] done in 122ms @ http://localhost:3001/_next/static/chunks/cab68_next_dist_client_6d3ecf6e._.js:5809
[  499408ms] [LOG] [Fast Refresh] rebuilding @ http://localhost:3001/_next/static/chunks/cab68_next_dist_client_6d3ecf6e._.js:5949
[  499432ms] [LOG] [Fast Refresh] done in 125ms @ http://localhost:3001/_next/static/chunks/cab68_next_dist_client_6d3ecf6e._.js:5809
[  514273ms] [LOG] [Fast Refresh] rebuilding @ http://localhost:3001/_next/static/chunks/cab68_next_dist_client_6d3ecf6e._.js:5949
[  514284ms] [LOG] [Fast Refresh] done in 113ms @ http://localhost:3001/_next/static/chunks/cab68_next_dist_client_6d3ecf6e._.js:5809
[  521892ms] [LOG] [Fast Refresh] rebuilding @ http://localhost:3001/_next/static/chunks/cab68_next_dist_client_6d3ecf6e._.js:5949
[  521927ms] [LOG] [Fast Refresh] done in 136ms @ http://localhost:3001/_next/static/chunks/cab68_next_dist_client_6d3ecf6e._.js:5809
[  526409ms] [LOG] [Fast Refresh] rebuilding @ http://localhost:3001/_next/static/chunks/cab68_next_dist_client_6d3ecf6e._.js:5949
[  526413ms] [LOG] [Fast Refresh] done in 105ms @ http://localhost:3001/_next/static/chunks/cab68_next_dist_client_6d3ecf6e._.js:5809
[ 1136750ms] [INFO] %cDownload the React DevTools for a better development experience: https://react.dev/link/react-devtools font-weight:bold @ http://localhost:3001/_next/static/chunks/cab68_next_dist_compiled_react-dom_8362e125._.js:14537
[ 1138012ms] [INFO] %cDownload the React DevTools for a better development experience: https://react.dev/link/react-devtools font-weight:bold @ http://localhost:3001/_next/static/chunks/cab68_next_dist_compiled_react-dom_8362e125._.js:14537
[ 1141254ms] [INFO] %cDownload the React DevTools for a better development experience: https://react.dev/link/react-devtools font-weight:bold @ http://localhost:3001/_next/static/chunks/cab68_next_dist_compiled_react-dom_8362e125._.js:14537
[ 1176672ms] [ERROR] Failed to load resource: the server responded with a status of 404 (Not Found) @ http://localhost:3001/api/archive/resolve-show:0
[ 1176672ms] [ERROR] Failed to enqueue entire show: Error: Failed to resolve show: 404
    at useAudioPlayer.useCallback[enqueueEntireShow] (http://localhost:3001/_next/static/chunks/_0707d01b._.js:1546:27)
    at async handlePlayShow (http://localhost:3001/_next/static/chunks/_0707d01b._.js:1742:13) @ http://localhost:3001/_next/static/chunks/cab68_next_dist_e89e2d16._.js:2359
