[     642ms] [INFO] %cDownload the React DevTools for a better development experience: https://react.dev/link/react-devtools font-weight:bold @ http://localhost:3000/_next/static/chunks/cab68_next_dist_compiled_react-dom_8362e125._.js:14537
[   55588ms] [LOG] [Fast Refresh] rebuilding @ http://localhost:3000/_next/static/chunks/cab68_next_dist_client_6d3ecf6e._.js:5949
[   57094ms] [LOG] [Fast Refresh] done in 1606ms @ http://localhost:3000/_next/static/chunks/cab68_next_dist_client_6d3ecf6e._.js:5809
[   57869ms] [LOG] [Fast Refresh] rebuilding @ http://localhost:3000/_next/static/chunks/cab68_next_dist_client_6d3ecf6e._.js:5949
[   58174ms] [LOG] [Fast Refresh] done in 405ms @ http://localhost:3000/_next/static/chunks/cab68_next_dist_client_6d3ecf6e._.js:5809
[   62927ms] [LOG] [Fast Refresh] rebuilding @ http://localhost:3000/_next/static/chunks/cab68_next_dist_client_6d3ecf6e._.js:5949
[   63636ms] [LOG] [Fast Refresh] done in 809ms @ http://localhost:3000/_next/static/chunks/cab68_next_dist_client_6d3ecf6e._.js:5809
[   63743ms] [LOG] [Fast Refresh] rebuilding @ http://localhost:3000/_next/static/chunks/cab68_next_dist_client_6d3ecf6e._.js:5949
[   63961ms] [LOG] [Fast Refresh] done in 319ms @ http://localhost:3000/_next/static/chunks/cab68_next_dist_client_6d3ecf6e._.js:5809
[   64121ms] [LOG] [Fast Refresh] rebuilding @ http://localhost:3000/_next/static/chunks/cab68_next_dist_client_6d3ecf6e._.js:5949
[   64224ms] [LOG] [Fast Refresh] done in 205ms @ http://localhost:3000/_next/static/chunks/cab68_next_dist_client_6d3ecf6e._.js:5809
[  914152ms] [LOG] [Fast Refresh] rebuilding @ http://localhost:3000/_next/static/chunks/cab68_next_dist_client_6d3ecf6e._.js:5949
[  914687ms] [LOG] [Fast Refresh] done in 636ms @ http://localhost:3000/_next/static/chunks/cab68_next_dist_client_6d3ecf6e._.js:5809
[  914999ms] [LOG] [Fast Refresh] rebuilding @ http://localhost:3000/_next/static/chunks/cab68_next_dist_client_6d3ecf6e._.js:5949
[  915196ms] [LOG] [Fast Refresh] done in 297ms @ http://localhost:3000/_next/static/chunks/cab68_next_dist_client_6d3ecf6e._.js:5809
[  916855ms] [LOG] [Fast Refresh] rebuilding @ http://localhost:3000/_next/static/chunks/cab68_next_dist_client_6d3ecf6e._.js:5949
[  917143ms] [LOG] [Fast Refresh] done in 389ms @ http://localhost:3000/_next/static/chunks/cab68_next_dist_client_6d3ecf6e._.js:5809
[  917243ms] [LOG] [Fast Refresh] rebuilding @ http://localhost:3000/_next/static/chunks/cab68_next_dist_client_6d3ecf6e._.js:5949
[  917254ms] [LOG] [Fast Refresh] done in 110ms @ http://localhost:3000/_next/static/chunks/cab68_next_dist_client_6d3ecf6e._.js:5809
[  933454ms] [LOG] [Fast Refresh] rebuilding @ http://localhost:3000/_next/static/chunks/cab68_next_dist_client_6d3ecf6e._.js:5949
[  933739ms] [LOG] [Fast Refresh] done in 385ms @ http://localhost:3000/_next/static/chunks/cab68_next_dist_client_6d3ecf6e._.js:5809
[  933840ms] [LOG] [Fast Refresh] rebuilding @ http://localhost:3000/_next/static/chunks/cab68_next_dist_client_6d3ecf6e._.js:5949
[  933864ms] [LOG] [Fast Refresh] done in 124ms @ http://localhost:3000/_next/static/chunks/cab68_next_dist_client_6d3ecf6e._.js:5809
[  935571ms] [LOG] [Fast Refresh] rebuilding @ http://localhost:3000/_next/static/chunks/cab68_next_dist_client_6d3ecf6e._.js:5949
[  935896ms] [LOG] [Fast Refresh] done in 427ms @ http://localhost:3000/_next/static/chunks/cab68_next_dist_client_6d3ecf6e._.js:5809
[  936000ms] [LOG] [Fast Refresh] rebuilding @ http://localhost:3000/_next/static/chunks/cab68_next_dist_client_6d3ecf6e._.js:5949
[  936010ms] [LOG] [Fast Refresh] done in 112ms @ http://localhost:3000/_next/static/chunks/cab68_next_dist_client_6d3ecf6e._.js:5809
[  936138ms] [LOG] [Fast Refresh] rebuilding @ http://localhost:3000/_next/static/chunks/cab68_next_dist_client_6d3ecf6e._.js:5949
[  936338ms] [LOG] [Fast Refresh] done in 303ms @ http://localhost:3000/_next/static/chunks/cab68_next_dist_client_6d3ecf6e._.js:5809
[ 1053610ms] [LOG] [Fast Refresh] rebuilding @ http://localhost:3000/_next/static/chunks/cab68_next_dist_client_6d3ecf6e._.js:5949
[ 1054111ms] [LOG] [Fast Refresh] done in 602ms @ http://localhost:3000/_next/static/chunks/cab68_next_dist_client_6d3ecf6e._.js:5809
[ 1054213ms] [LOG] [Fast Refresh] rebuilding @ http://localhost:3000/_next/static/chunks/cab68_next_dist_client_6d3ecf6e._.js:5949
[ 1054225ms] [LOG] [Fast Refresh] done in 114ms @ http://localhost:3000/_next/static/chunks/cab68_next_dist_client_6d3ecf6e._.js:5809
[ 1055410ms] [LOG] [Fast Refresh] rebuilding @ http://localhost:3000/_next/static/chunks/cab68_next_dist_client_6d3ecf6e._.js:5949
[ 1055422ms] [LOG] [Fast Refresh] done in 113ms @ http://localhost:3000/_next/static/chunks/cab68_next_dist_client_6d3ecf6e._.js:5809
[ 1065746ms] [LOG] [Fast Refresh] rebuilding @ http://localhost:3000/_next/static/chunks/cab68_next_dist_client_6d3ecf6e._.js:5949
[ 1065793ms] [LOG] [Fast Refresh] done in 148ms @ http://localhost:3000/_next/static/chunks/cab68_next_dist_client_6d3ecf6e._.js:5809
[ 1066543ms] [LOG] [Fast Refresh] rebuilding @ http://localhost:3000/_next/static/chunks/cab68_next_dist_client_6d3ecf6e._.js:5949
[ 1066591ms] [LOG] [Fast Refresh] done in 150ms @ http://localhost:3000/_next/static/chunks/cab68_next_dist_client_6d3ecf6e._.js:5809
[ 2187945ms] [LOG] [Fast Refresh] rebuilding @ http://localhost:3000/_next/static/chunks/cab68_next_dist_client_6d3ecf6e._.js:5949
[ 2188572ms] [LOG] [Fast Refresh] done in 725ms @ http://localhost:3000/_next/static/chunks/cab68_next_dist_client_6d3ecf6e._.js:5809
[ 2191780ms] [LOG] [Fast Refresh] rebuilding @ http://localhost:3000/_next/static/chunks/cab68_next_dist_client_6d3ecf6e._.js:5949
[ 2191994ms] [LOG] [Fast Refresh] done in 315ms @ http://localhost:3000/_next/static/chunks/cab68_next_dist_client_6d3ecf6e._.js:5809
[ 2880708ms] [LOG] [Fast Refresh] rebuilding @ http://localhost:3000/_next/static/chunks/cab68_next_dist_client_6d3ecf6e._.js:5949
[ 2881267ms] [LOG] [Fast Refresh] done in 660ms @ http://localhost:3000/_next/static/chunks/cab68_next_dist_client_6d3ecf6e._.js:5809
[ 3017135ms] [LOG] [Fast Refresh] rebuilding @ http://localhost:3000/_next/static/chunks/cab68_next_dist_client_6d3ecf6e._.js:5949
[ 3017585ms] [LOG] [Fast Refresh] done in 521ms @ http://localhost:3000/_next/static/chunks/cab68_next_dist_client_6d3ecf6e._.js:5809
